<?xml version="1.0" encoding="UTF-8"?>
<!-- Generated by org.testng.reporters.JUnitReportReporter -->
<testsuite hostname="DESKTOP-3IKC673" failures="0" tests="2" name="Runner.TestRunner" time="4.151" errors="0" timestamp="2023-05-03T14:05:04 EET" skipped="0">
  <testcase classname="Runner.TestRunner" name="runScenario" time="2.322"/>
  <system-out/>
  <testcase classname="Runner.TestRunner" name="runScenario" time="1.829"/>
  <system-out/>
</testsuite> <!-- Runner.TestRunner -->
