<?xml version="1.0" encoding="UTF-8"?>
<!-- Generated by org.testng.reporters.JUnitReportReporter -->
<testsuite hostname="DESKTOP-3IKC673" failures="0" tests="8" name="tests.TestCase" time="12.851" errors="0" timestamp="2023-05-03T14:34:30 EET" skipped="0">
  <testcase classname="tests.TestCase" name="Testing1" time="2.512"/>
  <system-out/>
  <testcase classname="tests.TestCase" name="Testing6" time="2.962"/>
  <system-out/>
  <testcase classname="tests.TestCase" name="Testing5" time="1.388"/>
  <system-out/>
  <testcase classname="tests.TestCase" name="Testing3" time="1.092"/>
  <system-out/>
  <testcase classname="tests.TestCase" name="Testing2" time="0.530"/>
  <system-out/>
  <testcase classname="tests.TestCase" name="Testing0" time="1.455"/>
  <system-out/>
  <testcase classname="tests.TestCase" name="Testing4" time="0.504"/>
  <system-out/>
  <testcase classname="tests.TestCase" name="Testing7" time="2.408"/>
  <system-out/>
</testsuite> <!-- tests.TestCase -->
