<?xml version="1.0" encoding="UTF-8"?>
<!-- Generated by org.testng.reporters.JUnitReportReporter -->
<testsuite hostname="DESKTOP-3IKC673" failures="0" tests="8" name="tests.TestCase" time="12.233" errors="0" timestamp="2023-05-04T11:05:04 EET" skipped="0">
  <testcase classname="tests.TestCase" name="Testing2" time="0.458"/>
  <system-out/>
  <testcase classname="tests.TestCase" name="Testing7" time="2.141"/>
  <system-out/>
  <testcase classname="tests.TestCase" name="Testing4" time="0.425"/>
  <system-out/>
  <testcase classname="tests.TestCase" name="Testing6" time="2.634"/>
  <system-out/>
  <testcase classname="tests.TestCase" name="Testing5" time="1.256"/>
  <system-out/>
  <testcase classname="tests.TestCase" name="Testing0" time="2.492"/>
  <system-out/>
  <testcase classname="tests.TestCase" name="Testing3" time="0.931"/>
  <system-out/>
  <testcase classname="tests.TestCase" name="Testing1" time="1.896"/>
  <system-out/>
</testsuite> <!-- tests.TestCase -->
