<?xml version="1.0" encoding="UTF-8"?>
<!-- Generated by org.testng.reporters.JUnitReportReporter -->
<testsuite hostname="DESKTOP-3IKC673" failures="0" tests="8" name="tests.TestCase" time="12.927" errors="0" timestamp="2023-05-04T17:15:43 EET" skipped="0">
  <testcase classname="tests.TestCase" name="Testing3" time="0.871"/>
  <system-out/>
  <testcase classname="tests.TestCase" name="Testing0" time="1.333"/>
  <system-out/>
  <testcase classname="tests.TestCase" name="Testing6" time="3.385"/>
  <system-out/>
  <testcase classname="tests.TestCase" name="Testing7" time="3.562"/>
  <system-out/>
  <testcase classname="tests.TestCase" name="Testing1" time="1.732"/>
  <system-out/>
  <testcase classname="tests.TestCase" name="Testing2" time="0.409"/>
  <system-out/>
  <testcase classname="tests.TestCase" name="Testing4" time="0.425"/>
  <system-out/>
  <testcase classname="tests.TestCase" name="Testing5" time="1.210"/>
  <system-out/>
</testsuite> <!-- tests.TestCase -->
