<?xml version="1.0" encoding="UTF-8"?>
<!-- Generated by org.testng.reporters.JUnitReportReporter -->
<testsuite hostname="DESKTOP-3IKC673" failures="0" tests="8" name="tests.TestCase" time="12.938" errors="0" timestamp="2023-05-03T14:41:31 EET" skipped="0">
  <testcase classname="tests.TestCase" name="Testing0" time="1.987"/>
  <system-out/>
  <testcase classname="tests.TestCase" name="Testing3" time="1.055"/>
  <system-out/>
  <testcase classname="tests.TestCase" name="Testing6" time="2.730"/>
  <system-out/>
  <testcase classname="tests.TestCase" name="Testing1" time="1.917"/>
  <system-out/>
  <testcase classname="tests.TestCase" name="Testing4" time="0.466"/>
  <system-out/>
  <testcase classname="tests.TestCase" name="Testing5" time="2.187"/>
  <system-out/>
  <testcase classname="tests.TestCase" name="Testing2" time="0.451"/>
  <system-out/>
  <testcase classname="tests.TestCase" name="Testing7" time="2.145"/>
  <system-out/>
</testsuite> <!-- tests.TestCase -->
